app/seeds.txt
com.lippi.hsrecorder.R$anim: int abc_fade_in
com.lippi.hsrecorder.R$anim: int abc_fade_out
com.lippi.hsrecorder.R$anim: int abc_grow_fade_in_from_bottom
com.lippi.hsrecorder.R$anim: int abc_popup_enter
com.lippi.hsrecorder.R$anim: int abc_popup_exit
com.lippi.hsrecorder.R$anim: int abc_shrink_fade_out_from_bottom
com.lippi.hsrecorder.R$anim: int abc_slide_in_bottom
com.lippi.hsrecorder.R$anim: int abc_slide_in_top
com.lippi.hsrecorder.R$anim: int abc_slide_out_bottom
com.lippi.hsrecorder.R$anim: int abc_slide_out_top
com.lippi.hsrecorder.R$anim: int fade_in_center
com.lippi.hsrecorder.R$anim: int fade_out_center
com.lippi.hsrecorder.R$anim: int slide_in_bottom
com.lippi.hsrecorder.R$anim: int slide_in_top
com.lippi.hsrecorder.R$anim: int slide_out_bottom
com.lippi.hsrecorder.R$anim: int slide_out_top
com.lippi.hsrecorder.R$array: int filter_categories
com.lippi.hsrecorder.R$array: int filter_category_values
com.lippi.hsrecorder.R$array: int filter_type_values
com.lippi.hsrecorder.R$array: int filter_types
com.lippi.hsrecorder.R$array: int prefEntries_recordType
com.lippi.hsrecorder.R$array: int prefValues_recordType
com.lippi.hsrecorder.R$array: int sampleRate_entries
com.lippi.hsrecorder.R$array: int sampleRate_values
com.lippi.hsrecorder.R$attr: int actionBarDivider
com.lippi.hsrecorder.R$attr: int actionBarItemBackground
com.lippi.hsrecorder.R$attr: int actionBarPopupTheme
com.lippi.hsrecorder.R$attr: int actionBarSize
com.lippi.hsrecorder.R$attr: int actionBarSplitStyle
com.lippi.hsrecorder.R$attr: int actionBarStyle
com.lippi.hsrecorder.R$attr: int actionBarTabBarStyle
com.lippi.hsrecorder.R$attr: int actionBarTabStyle
com.lippi.hsrecorder.R$attr: int actionBarTabTextStyle
com.lippi.hsrecorder.R$attr: int actionBarTheme
com.lippi.hsrecorder.R$attr: int actionBarWidgetTheme
com.lippi.hsrecorder.R$attr: int actionButtonStyle
com.lippi.hsrecorder.R$attr: int actionDropDownStyle
com.lippi.hsrecorder.R$attr: int actionLayout
com.lippi.hsrecorder.R$attr: int actionMenuTextAppearance
com.lippi.hsrecorder.R$attr: int actionMenuTextColor
com.lippi.hsrecorder.R$attr: int actionModeBackground
com.lippi.hsrecorder.R$attr: int actionModeCloseButtonStyle
com.lippi.hsrecorder.R$attr: int actionModeCloseDrawable
com.lippi.hsrecorder.R$attr: int actionModeCopyDrawable
com.lippi.hsrecorder.R$attr: int actionModeCutDrawable
com.lippi.hsrecorder.R$attr: int actionModeFindDrawable
com.lippi.hsrecorder.R$attr: int actionModePasteDrawable
com.lippi.hsrecorder.R$attr: int actionModePopupWindowStyle
com.lippi.hsrecorder.R$attr: int actionModeSelectAllDrawable
com.lippi.hsrecorder.R$attr: int actionModeShareDrawable
com.lippi.hsrecorder.R$attr: int actionModeSplitBackground
com.lippi.hsrecorder.R$bool: int abc_action_bar_embed_tabs
com.lippi.hsrecorder.R$bool: int abc_action_bar_embed_tabs_pre_jb
com.lippi.hsrecorder.R$bool: int abc_action_bar_expanded_action_views_exclusive
com.lippi.hsrecorder.R$bool: int abc_allow_stacked_button_bar
com.lippi.hsrecorder.R$bool: int abc_config_actionMenuItemAllCaps
com.lippi.hsrecorder.R$bool: int abc_config_allowActionMenuItemTextWithIcon
com.lippi.hsrecorder.R$bool: int abc_config_closeDialogWhenTouchOutside
com.lippi.hsrecorder.R$bool: int abc_config_showMenuShortcutsWhenKeyboardPresent
...
org.roboguice.shaded.goole.common.cache.LocalCache$EntryFactory$2
org.roboguice.shaded.goole.common.cache.LocalCache$EntryFactory$2: LocalCache$EntryFactory$2(java.lang.String,int)
org.roboguice.shaded.goole.common.cache.LocalCache$EntryFactory$2: org.roboguice.shaded.goole.common.cache.LocalCache$ReferenceEntry newEntry(org.roboguice.shaded.goole.common.cache.LocalCache$Segment,java.lang.Object,int,org.roboguice.shaded.goole.common.cache.LocalCache$ReferenceEntry)
org.roboguice.shaded.goole.common.cache.LocalCache$EntryFactory$2: org.roboguice.shaded.goole.common.cache.LocalCache$ReferenceEntry copyEntry(org.roboguice.shaded.goole.common.cache.LocalCache$Segment,org.roboguice.shaded.goole.common.cache.LocalCache$ReferenceEntry,org.roboguice.shaded.goole.common.cache.LocalCache$ReferenceEntry)
org.roboguice.shaded.goole.common.cache.LocalCache$EntryFactory$3
org.roboguice.shaded.goole.common.cache.LocalCache$EntryFactory$3: LocalCache$EntryFactory$3(java.lang.String,int)
org.roboguice.shaded.goole.common.cache.LocalCache$EntryFactory$3: org.roboguice.shaded.goole.common.cache.LocalCache$ReferenceEntry newEntry(org.roboguice.shaded.goole.common.cache.LocalCache$Segment,java.lang.Object,int,org.roboguice.shaded.goole.common.cache.LocalCache$ReferenceEntry)
org.roboguice.shaded.goole.common.cache.LocalCache$EntryFactory$3: org.roboguice.shaded.goole.common.cache.LocalCache$ReferenceEntry copyEntry(org.roboguice.shaded.goole.common.cache.LocalCache$Segment,org.roboguice.shaded.goole.common.cache.LocalCache$ReferenceEntry,org.roboguice.shaded.goole.common.cache.LocalCache$ReferenceEntry)
org.roboguice.shaded.goole.common.cache.LocalCache$EntryFactory$4
org.roboguice.shaded.goole.common.cache.LocalCache$EntryFactory$4: LocalCache$EntryFactory$4(java.lang.String,int)
org.roboguice.shaded.goole.common.cache.LocalCache$EntryFactory$4: org.roboguice.shaded.goole.common.cache.LocalCache$ReferenceEntry newEntry(org.roboguice.shaded.goole.common.cache.LocalCache$Segment,java.lang.Object,int,org.roboguice.shaded.goole.common.cache.LocalCache$ReferenceEntry)
org.roboguice.shaded.goole.common.cache.LocalCache$EntryFactory$4: org.roboguice.shaded.goole.common.cache.LocalCache$ReferenceEntry copyEntry(org.roboguice.shaded.goole.common.cache.LocalCache$Segment,org.roboguice.shaded.goole.common.cache.LocalCache$ReferenceEntry,org.roboguice.shaded.goole.common.cache.LocalCache$ReferenceEntry)
org.roboguice.shaded.goole.common.cache.LocalCache$EntryFactory$5
org.roboguice.shaded.goole.common.cache.LocalCache$EntryFactory$5: LocalCache$EntryFactory$5(java.lang.String,int)
org.roboguice.shaded.goole.common.cache.LocalCache$EntryFactory$5: org.roboguice.shaded.goole.common.cache.LocalCache$ReferenceEntry newEntry(org.roboguice.shaded.goole.common.cache.LocalCache$Segment,java.lang.Object,int,org.roboguice.shaded.goole.common.cache.LocalCache$ReferenceEntry)
org.roboguice.shaded.goole.common.cache.LocalCache$EntryFactory$6
org.roboguice.shaded.goole.common.cache.LocalCache$EntryFactory$6: LocalCache$EntryFactory$6(java.lang.String,int)
org.roboguice.shaded.goole.common.cache.LocalCache$EntryFactory$6: org.roboguice.shaded.goole.common.cache.LocalCache$ReferenceEntry newEntry(org.roboguice.shaded.goole.common.cache.LocalCache$Segment,java.lang.Object,int,org.roboguice.shaded.goole.common.cache.LocalCache$ReferenceEntry)
org.roboguice.shaded.goole.common.cache.LocalCache$EntryFactory$6: org.roboguice.shaded.goole.common.cache.LocalCache$ReferenceEntry copyEntry(org.roboguice.shaded.goole.common.cache.LocalCache$Segment,org.roboguice.shaded.goole.common.cache.LocalCache$ReferenceEntry,org.roboguice.shaded.goole.common.cache.LocalCache$ReferenceEntry)