app/mapping.txt
com.lippi.hsrecorder.dialogplus.DialogPlus -> com.lippi.hsrecorder.dialogplus.DialogPlus:
    android.view.ViewGroup rootView -> a
    android.view.ViewGroup contentContainer -> b
    com.lippi.hsrecorder.dialogplus.DialogPlus$Gravity gravity -> c
    com.lippi.hsrecorder.dialogplus.DialogPlus$ScreenType screenType -> d
    boolean isCancelable -> e
    boolean isDismissing -> f
    android.view.View topView -> g
    android.view.View bottomView -> h
    android.view.View footerView -> i
    android.view.View headerView -> j
    android.widget.BaseAdapter adapter -> k
    com.lippi.hsrecorder.dialogplus.OnItemClickListener onItemClickListener -> l
    com.lippi.hsrecorder.dialogplus.OnClickListener onClickListener -> m
    com.lippi.hsrecorder.dialogplus.OnDismissListener onDismissListener -> n
    com.lippi.hsrecorder.dialogplus.OnCancelListener onCancelListener -> o
    com.lippi.hsrecorder.dialogplus.OnBackPressListener onBackPressListener -> p
    com.lippi.hsrecorder.dialogplus.Holder holder -> q
    android.view.ViewGroup decorView -> r
    android.view.LayoutInflater inflater -> s
    int backgroundColorResourceId -> t
    int inAnimationResource -> u
    int outAnimationResource -> v
    int[] margin -> w
    int[] padding -> x
    android.view.View$OnTouchListener onCancelableTouchListener -> y
    void <init>(com.lippi.hsrecorder.dialogplus.DialogPlus$Builder) -> <init>
    void show() -> a
    boolean isShowing() -> b
    void dismiss() -> c
com.lippi.hsrecorder.dialogplus.DialogPlus$1 -> com.lippi.hsrecorder.dialogplus.a:
    com.lippi.hsrecorder.dialogplus.DialogPlus this$0 -> a
    void <init>(com.lippi.hsrecorder.dialogplus.DialogPlus) -> <init>
    void onAnimationStart(android.view.animation.Animation) -> onAnimationStart
    void onAnimationEnd(android.view.animation.Animation) -> onAnimationEnd
    void onAnimationRepeat(android.view.animation.Animation) -> onAnimationRepeat
com.lippi.hsrecorder.dialogplus.DialogPlus$1$1 -> com.lippi.hsrecorder.dialogplus.b:
    com.lippi.hsrecorder.dialogplus.DialogPlus$1 this$1 -> a
    void <init>(com.lippi.hsrecorder.dialogplus.DialogPlus$1) -> <init>
    void run() -> run
com.lippi.hsrecorder.dialogplus.DialogPlus$2 -> com.lippi.hsrecorder.dialogplus.c:
    com.lippi.hsrecorder.dialogplus.DialogPlus this$0 -> a
    void <init>(com.lippi.hsrecorder.dialogplus.DialogPlus) -> <init>
    void onItemClick(java.lang.Object,android.view.View,int) -> a
com.lippi.hsrecorder.dialogplus.DialogPlus$3 -> com.lippi.hsrecorder.dialogplus.d:
    com.lippi.hsrecorder.dialogplus.DialogPlus this$0 -> a
    void <init>(com.lippi.hsrecorder.dialogplus.DialogPlus) -> <init>
    void onClick(android.view.View) -> onClick
com.lippi.hsrecorder.dialogplus.DialogPlus$4 -> com.lippi.hsrecorder.dialogplus.e:
    com.lippi.hsrecorder.dialogplus.DialogPlus this$0 -> a
    void <init>(com.lippi.hsrecorder.dialogplus.DialogPlus) -> <init>
    boolean onKey(android.view.View,int,android.view.KeyEvent) -> onKey
com.lippi.hsrecorder.dialogplus.DialogPlus$5 -> com.lippi.hsrecorder.dialogplus.f:
    com.lippi.hsrecorder.dialogplus.DialogPlus this$0 -> a
    void <init>(com.lippi.hsrecorder.dialogplus.DialogPlus) -> <init>
    boolean onTouch(android.view.View,android.view.MotionEvent) -> onTouch
com.lippi.hsrecorder.dialogplus.DialogPlus$6 -> com.lippi.hsrecorder.dialogplus.g:
    int[] $SwitchMap$com$lippi$hsrecorder$dialogplus$DialogPlus$Gravity -> a
    void <clinit>() -> <clinit>
...
android.support.v7.widget.GridLayoutManager -> android.support.v7.widget.GridLayoutManager:
    int MAIN_DIR_SPEC -> a
    boolean mPendingSpanCountChange -> b
    int mSpanCount -> c
    int[] mCachedBorders -> d
    android.view.View[] mSet -> e
    android.util.SparseIntArray mPreLayoutSpanSizeCache -> f
    android.util.SparseIntArray mPreLayoutSpanIndexCache -> g
    android.support.v7.widget.GridLayoutManager$SpanSizeLookup mSpanSizeLookup -> h
    android.graphics.Rect mDecorInsets -> i
    int getRowCountForAccessibility(android.support.v7.widget.RecyclerView$Recycler,android.support.v7.widget.RecyclerView$State) -> a
    int getColumnCountForAccessibility(android.support.v7.widget.RecyclerView$Recycler,android.support.v7.widget.RecyclerView$State) -> b
    void onInitializeAccessibilityNodeInfoForItem(android.support.v7.widget.RecyclerView$Recycler,android.support.v7.widget.RecyclerView$State,android.view.View,android.support.v4.view.accessibility.AccessibilityNodeInfoCompat) -> a
    void onLayoutChildren(android.support.v7.widget.RecyclerView$Recycler,android.support.v7.widget.RecyclerView$State) -> c
    void clearPreLayoutSpanMappingCache() -> B
    void cachePreLayoutSpanMapping() -> C
    void onItemsAdded(android.support.v7.widget.RecyclerView,int,int) -> a
    void onItemsChanged(android.support.v7.widget.RecyclerView) -> a
    void onItemsRemoved(android.support.v7.widget.RecyclerView,int,int) -> b
android.support.v7.widget.GridLayoutManager$LayoutParams -> android.support.v7.widget.GridLayoutManager$LayoutParams:
    int mSpanIndex -> e
    int mSpanSize -> f
    void <init>(android.content.Context,android.util.AttributeSet) -> <init>
    void <init>(int,int) -> <init>
    void <init>(android.view.ViewGroup$MarginLayoutParams) -> <init>
    void <init>(android.view.ViewGroup$LayoutParams) -> <init>
    int getSpanIndex() -> a
    int getSpanSize() -> b
    int access$000(android.support.v7.widget.GridLayoutManager$LayoutParams) -> a
    int access$100(android.support.v7.widget.GridLayoutManager$LayoutParams) -> b
    int access$102(android.support.v7.widget.GridLayoutManager$LayoutParams,int) -> a
    int access$002(android.support.v7.widget.GridLayoutManager$LayoutParams,int) -> b
android.support.v7.widget.GridLayoutManager$SpanSizeLookup -> android.support.v7.widget.at:
    android.util.SparseIntArray mSpanIndexCache -> a
    boolean mCacheSpanIndices -> b
    int getSpanSize(int) -> a
    void invalidateSpanIndexCache() -> a
    int getCachedSpanIndex(int,int) -> a
    int getSpanIndex(int,int) -> b
    int findReferenceIndexFromCache(int) -> b
    int getSpanGroupIndex(int,int) -> c
android.support.v7.widget.LayoutState -> android.support.v7.widget.au:
    int mAvailable -> a
    int mCurrentPosition -> b
    int mItemDirection -> c
    int mLayoutDirection -> d
    int mStartLine -> e
    int mEndLine -> f
    void <init>() -> <init>
    boolean hasMore(android.support.v7.widget.RecyclerView$State) -> a
    android.view.View next(android.support.v7.widget.RecyclerView$Recycler) -> a
    java.lang.String toString() -> toString