app/unused.txt
com.lippi.hsrecorder.AudioFormat.AudioFormat
com.lippi.hsrecorder.AudioFormat.AudioFormat$Factory
com.lippi.hsrecorder.AudioFormat.AudioFormat$ProgressListener
com.lippi.hsrecorder.AudioFormat.FormatAAC
com.lippi.hsrecorder.AudioFormat.FormatAAC$1
com.lippi.hsrecorder.AudioFormat.FormatAAC$Atom
com.lippi.hsrecorder.AudioFormat.FormatAMR
com.lippi.hsrecorder.AudioFormat.FormatAMR$1
com.lippi.hsrecorder.AudioFormat.FormatMP3
com.lippi.hsrecorder.AudioFormat.FormatMP3$1
com.lippi.hsrecorder.AudioFormat.FormatWAV
com.lippi.hsrecorder.AudioFormat.FormatWAV$1
com.lippi.hsrecorder.BuildConfig
com.lippi.hsrecorder.R
com.lippi.hsrecorder.R$anim
com.lippi.hsrecorder.R$array
com.lippi.hsrecorder.R$attr
com.lippi.hsrecorder.R$bool
com.lippi.hsrecorder.R$color
com.lippi.hsrecorder.R$dimen
com.lippi.hsrecorder.R$drawable
com.lippi.hsrecorder.R$id
com.lippi.hsrecorder.R$integer
com.lippi.hsrecorder.R$layout
com.lippi.hsrecorder.R$menu
com.lippi.hsrecorder.R$mipmap
com.lippi.hsrecorder.R$string
com.lippi.hsrecorder.R$style
com.lippi.hsrecorder.R$styleable
com.lippi.hsrecorder.R$xml
com.lippi.hsrecorder.dialogplus.DialogPlus:
    private static final int INVALID
    254:254:public android.view.View findViewById(int)
    258:258:public android.view.View getHeaderView()
    262:262:public android.view.View getFooterView()
com.lippi.hsrecorder.dialogplus.DialogPlus$Builder:
    614:615:public com.lippi.hsrecorder.dialogplus.DialogPlus$Builder setFooter(int)
    622:623:public com.lippi.hsrecorder.dialogplus.DialogPlus$Builder setFooter(android.view.View)
    630:631:public com.lippi.hsrecorder.dialogplus.DialogPlus$Builder setHeader(int)
    678:679:public com.lippi.hsrecorder.dialogplus.DialogPlus$Builder setInAnimation(int)
    686:687:public com.lippi.hsrecorder.dialogplus.DialogPlus$Builder setOutAnimation(int)
    706:707:public com.lippi.hsrecorder.dialogplus.DialogPlus$Builder setScreenType(com.lippi.hsrecorder.dialogplus.DialogPlus$ScreenType)
    714:718:public com.lippi.hsrecorder.dialogplus.DialogPlus$Builder setPadding(int,int,int,int)
    735:736:public com.lippi.hsrecorder.dialogplus.DialogPlus$Builder setOnClickListener(com.lippi.hsrecorder.dialogplus.OnClickListener)
    745:746:public com.lippi.hsrecorder.dialogplus.DialogPlus$Builder setOnCancelListener(com.lippi.hsrecorder.dialogplus.OnCancelListener)
    750:751:public com.lippi.hsrecorder.dialogplus.DialogPlus$Builder setOnBackPressListener(com.lippi.hsrecorder.dialogplus.OnBackPressListener)
com.lippi.hsrecorder.dialogplus.GridHolder
com.lippi.hsrecorder.dialogplus.GridHolder$1
com.lippi.hsrecorder.dialogplus.ViewHolder:
    private static final int INVALID
    24:28:public ViewHolder(int)
com.lippi.hsrecorder.iirfilterdesigner.IIRDesigner
com.lippi.hsrecorder.iirfilterdesigner.designers.AbstractIIRDesigner:
    protected static final int maximumFilterOrder
    105:105:protected com.lippi.hsrecorder.iirfilterdesigner.model.FilterCoefficients designAnalogFilter(com.lippi.hsrecorder.iirfilterdesigner.model.FilterType,double[],double[],double,double)
    332:332:protected double calculateNaturalFrequency(com.lippi.hsrecorder.iirfilterdesigner.model.FilterType,int,double,double,double,double,boolean)
    360:360:protected int calculateFilterOrder(com.lippi.hsrecorder.iirfilterdesigner.model.FilterType,double,double,double,double,boolean)
    551:555:public void enableDebugger(boolean)
com.lippi.hsrecorder.iirfilterdesigner.designers.ButterworthIIRDesigner
com.lippi.hsrecorder.iirfilterdesigner.designers.Chebyshev2IIRDesigner
com.lippi.hsrecorder.iirfilterdesigner.designers.EllipticIIRDesigner
com.lippi.hsrecorder.iirfilterdesigner.designers.EllipticIIRDesigner$KRatio
com.lippi.hsrecorder.iirfilterdesigner.designers.EllipticIIRDesigner$VRatio
com.lippi.hsrecorder.iirfilterdesigner.exceptions.FilterNotStableException
com.lippi.hsrecorder.iirfilterdesigner.fft.FourierTransform
com.lippi.hsrecorder.iirfilterdesigner.fft.WindowFunction
...
org.apache.commons.math.analysis.solvers.UnivariateRealSolverUtils
org.apache.commons.math.analysis.solvers.UnivariateRealSolverUtils$LazyHolder
org.apache.commons.math.complex.ComplexField$LazyHolder:
    64:64:private ComplexField$LazyHolder()
org.apache.commons.math.complex.ComplexFormat
org.apache.commons.math.complex.ComplexUtils
org.apache.commons.math.distribution.AbstractContinuousDistribution
org.apache.commons.math.distribution.AbstractContinuousDistribution$1
org.apache.commons.math.distribution.AbstractDistribution
org.apache.commons.math.distribution.AbstractIntegerDistribution
org.apache.commons.math.distribution.BetaDistribution
org.apache.commons.math.distribution.BetaDistributionImpl
org.apache.commons.math.distribution.BinomialDistribution
org.apache.commons.math.distribution.BinomialDistributionImpl
org.apache.commons.math.distribution.CauchyDistribution
org.apache.commons.math.distribution.CauchyDistributionImpl
org.apache.commons.math.distribution.ChiSquaredDistribution
org.apache.commons.math.distribution.ChiSquaredDistributionImpl
org.apache.commons.math.distribution.ContinuousDistribution
org.apache.commons.math.distribution.DiscreteDistribution
org.apache.commons.math.distribution.Distribution
org.apache.commons.math.distribution.ExponentialDistribution
org.apache.commons.math.distribution.ExponentialDistributionImpl
org.apache.commons.math.distribution.FDistribution
org.apache.commons.math.distribution.FDistributionImpl
org.apache.commons.math.distribution.GammaDistribution
org.apache.commons.math.distribution.GammaDistributionImpl
org.apache.commons.math.distribution.HasDensity
org.apache.commons.math.distribution.HypergeometricDistribution
org.apache.commons.math.distribution.HypergeometricDistributionImpl
org.apache.commons.math.distribution.IntegerDistribution
org.apache.commons.math.distribution.NormalDistribution
org.apache.commons.math.distribution.NormalDistributionImpl
org.apache.commons.math.distribution.PascalDistribution
org.apache.commons.math.distribution.PascalDistributionImpl
org.apache.commons.math.distribution.PoissonDistribution
org.apache.commons.math.distribution.PoissonDistributionImpl
org.apache.commons.math.distribution.SaddlePointExpansion
org.apache.commons.math.distribution.TDistribution
org.apache.commons.math.distribution.TDistributionImpl
org.apache.commons.math.distribution.WeibullDistribution
org.apache.commons.math.distribution.WeibullDistributionImpl
org.apache.commons.math.distribution.ZipfDistribution
org.apache.commons.math.distribution.ZipfDistributionImpl
org.apache.commons.math.estimation.AbstractEstimator
org.apache.commons.math.estimation.EstimatedParameter
org.apache.commons.math.estimation.EstimationException
org.apache.commons.math.estimation.EstimationProblem
org.apache.commons.math.estimation.Estimator
org.apache.commons.math.estimation.GaussNewtonEstimator
org.apache.commons.math.estimation.LevenbergMarquardtEstimator
org.apache.commons.math.estimation.SimpleEstimationProblem
org.apache.commons.math.estimation.WeightedMeasurement
org.apache.commons.math.fraction.AbstractFormat
org.apache.commons.math.fraction.BigFraction
org.apache.commons.math.fraction.BigFractionField
org.apache.commons.math.fraction.BigFractionField$1
org.apache.commons.math.fraction.BigFractionField$LazyHolder
org.apache.commons.math.fraction.BigFractionFormat
org.apache.commons.math.fraction.Fraction
org.apache.commons.math.fraction.FractionConversionException
org.apache.commons.math.fraction.FractionField
org.apache.commons.math.fraction.FractionField$1
org.apache.commons.math.fraction.FractionField$LazyHolder
org.apache.commons.math.fraction.FractionFormat
org.apache.commons.math.fraction.ProperBigFractionFormat
org.apache.commons.math.fraction.ProperFractionFormat
org.apache.commons.math.genetics.AbstractListChromosome
org.apache.commons.math.genetics.BinaryChromosome
org.apache.commons.math.genetics.BinaryMutation
org.apache.commons.math.genetics.Chromosome